#
# A fatal error has been detected by the Java Runtime Environment:
#
#  EXCEPTION_ACCESS_VIOLATION (0xc0000005) at pc=0x0000000066b72f83, pid=768, tid=9348
#
# JRE version:  (9.0+11) (build )
# Java VM: Java HotSpot(TM) 64-Bit Server VM (9.0.4+11, mixed mode, tiered, compressed oops, g1 gc, windows-amd64)
# Problematic frame:
# V  [jvm.dll+0x1b2f83]
#
# No core dump will be written. Minidumps are not enabled by default on client versions of Windows
#
# If you would like to submit a bug report, please visit:
#   http://bugreport.java.com/bugreport/crash.jsp
#

---------------  S U M M A R Y ------------

Command Line: -Xmx512M SpareLogin

Host: Intel(R) Core(TM) i7-7700HQ CPU @ 2.80GHz, 8 cores, 7G,  Windows 10 , 64 bit Build 16299 (10.0.16299.15)
Time: Mon Apr 16 17:06:12 2018 India Standard Time elapsed time: 0 seconds (0d 0h 0m 0s)

---------------  T H R E A D  ---------------

Current thread (0x000002ac8a8ec800):  JavaThread "Unknown thread" [_thread_in_vm, id=9348, stack(0x000000dcc6000000,0x000000dcc6100000)]

Stack: [0x000000dcc6000000,0x000000dcc6100000],  sp=0x000000dcc60ff740,  free space=1021k
Native frames: (J=compiled Java code, j=interpreted, Vv=VM code, C=native code)


siginfo: EXCEPTION_ACCESS_VIOLATION (0xc0000005), reading address 0x0000000000000000


Registers:
RAX=0x0000000000000001, RBX=0x0000000000000000, RCX=0x0000000000000000, RDX=0x000002ac8a8ce701
RSP=0x000000dcc60ff740, RBP=0x0000000000000000, RSI=0x000000dcc60ffb78, RDI=0x000002ac8a8ec800
R8 =0x0000000000000000, R9 =0x0000000000000006, R10=0x0000000000000007, R11=0x000000dcc60fefd0
R12=0x0000000066eff920, R13=0x000002ac8a8c8300, R14=0x000002ac8a8cf1e8, R15=0x0000000000000000
RIP=0x0000000066b72f83, EFLAGS=0x0000000000010256

Top of Stack: (sp=0x000000dcc60ff740)
0x000000dcc60ff740:   000002ac8a8f82e0 0000000066f6d773
0x000000dcc60ff750:   0000000000000038 0000000066f2196d
0x000000dcc60ff760:   000000006719a708 0000000067138d50
0x000000dcc60ff770:   0000000000000140 000000dcc60ff7d0
0x000000dcc60ff780:   000002ac8a8ec800 0000000066f21ce5
0x000000dcc60ff790:   000002ac8a8eb3f0 0000000000000000
0x000000dcc60ff7a0:   0000000000000000 0000000066f216a7
0x000000dcc60ff7b0:   0000000000000000 0000000066f6d569
0x000000dcc60ff7c0:   0000000047b133b5 00000000669c0000
0x000000dcc60ff7d0:   000002ac8a8f82e0 0000000000000000
0x000000dcc60ff7e0:   0000000000000004 00007a11dae02d5e
0x000000dcc60ff7f0:   0000000000000000 0000000066b72b35
0x000000dcc60ff800:   0000000000000004 0000000000000000
0x000000dcc60ff810:   000002ac8a8c8300 000000dcc60ffb78
0x000000dcc60ff820:   000000dcc60ff860 0000000066b70ed1
0x000000dcc60ff830:   0000000000000000 000000dcc60ff860 

Instructions: (pc=0x0000000066b72f83)
0x0000000066b72f63:   48 33 c4 48 89 84 24 a8 00 00 00 0f b6 c2 88 54
0x0000000066b72f73:   24 31 48 8b e9 49 83 c8 ff 0f 1f 40 00 49 ff c0
0x0000000066b72f83:   41 80 3c 08 00 75 f6 33 f6 45 33 ed 88 44 24 30
0x0000000066b72f93:   45 85 c0 0f 8e 78 02 00 00 8b 0d a2 10 7e 00 65 



---------------  P R O C E S S  ---------------

Java Threads: ( => current thread )

Other Threads:

[error occurred during error reporting (printing all threads), id 0xc0000005]

VM state:not at safepoint (not fully initialized)

VM Mutex/Monitor currently owned by a thread: None


[error occurred during error reporting (printing compressed oops mode), id 0xc0000005]

Deoptimization events (0 events):
No events

Classes redefined (0 events):
No events

Internal exceptions (0 events):
No events

Events (0 events):
No events


Dynamic libraries:
0x00007ff7a3720000 - 0x00007ff7a375e000 	C:\ProgramData\Oracle\Java\javapath\java.exe
0x00007ff8065b0000 - 0x00007ff806790000 	C:\WINDOWS\SYSTEM32\ntdll.dll
0x00007ff8041e0000 - 0x00007ff80428e000 	C:\WINDOWS\System32\KERNEL32.DLL
0x00007ff803420000 - 0x00007ff803686000 	C:\WINDOWS\System32\KERNELBASE.dll
0x00007ff806330000 - 0x00007ff8063d1000 	C:\WINDOWS\System32\ADVAPI32.dll
0x00007ff803e50000 - 0x00007ff803eed000 	C:\WINDOWS\System32\msvcrt.dll
0x00007ff803fb0000 - 0x00007ff80400b000 	C:\WINDOWS\System32\sechost.dll
0x00007ff805b30000 - 0x00007ff805c4f000 	C:\WINDOWS\System32\RPCRT4.dll
0x00007ff803b90000 - 0x00007ff803d1f000 	C:\WINDOWS\System32\USER32.dll
0x00007ff803a60000 - 0x00007ff803a80000 	C:\WINDOWS\System32\win32u.dll
0x00007ff803f80000 - 0x00007ff803fa8000 	C:\WINDOWS\System32\GDI32.dll
0x00007ff802ab0000 - 0x00007ff802c43000 	C:\WINDOWS\System32\gdi32full.dll
0x00007ff803910000 - 0x00007ff8039ab000 	C:\WINDOWS\System32\msvcp_win.dll
0x00007ff8029b0000 - 0x00007ff802aa6000 	C:\WINDOWS\System32\ucrtbase.dll
0x00007ffff9060000 - 0x00007ffff92c9000 	C:\WINDOWS\WinSxS\amd64_microsoft.windows.common-controls_6595b64144ccf1df_6.0.16299.371_none_15c7d1789365a290\COMCTL32.dll
0x00007ffffd030000 - 0x00007ffffd03a000 	C:\WINDOWS\SYSTEM32\VERSION.dll
0x00007ff805820000 - 0x00007ff805b28000 	C:\WINDOWS\System32\combase.dll
0x00007ff8033a0000 - 0x00007ff803412000 	C:\WINDOWS\System32\bcryptPrimitives.dll
0x00007ff803f50000 - 0x00007ff803f7d000 	C:\WINDOWS\System32\IMM32.DLL
0x00007ffff39f0000 - 0x00007ffff3adf000 	C:\Program Files\Java\jre-9.0.4\bin\msvcr120.dll
0x00007ffff3940000 - 0x00007ffff39e6000 	C:\Program Files\Java\jre-9.0.4\bin\msvcp120.dll
0x00000000669c0000 - 0x00000000673e5000 	C:\Program Files\Java\jre-9.0.4\bin\server\jvm.dll
0x00007ff805dd0000 - 0x00007ff805dd8000 	C:\WINDOWS\System32\PSAPI.DLL
0x00007ff800b70000 - 0x00007ff800b93000 	C:\WINDOWS\SYSTEM32\WINMM.dll
0x00007fffff270000 - 0x00007fffff279000 	C:\WINDOWS\SYSTEM32\WSOCK32.dll
0x00007ff8042c0000 - 0x00007ff80432c000 	C:\WINDOWS\System32\WS2_32.dll
0x00007ff800b40000 - 0x00007ff800b6a000 	C:\WINDOWS\SYSTEM32\winmmbase.dll
0x00007ff803a10000 - 0x00007ff803a5a000 	C:\WINDOWS\System32\cfgmgr32.dll
0x00007ffffd2e0000 - 0x00007ffffd2ef000 	C:\Program Files\Java\jre-9.0.4\bin\verify.dll
0x00007ffff6aa0000 - 0x00007ffff6ac7000 	C:\Program Files\Java\jre-9.0.4\bin\java.dll
0x00007ffffd000000 - 0x00007ffffd016000 	C:\Program Files\Java\jre-9.0.4\bin\zip.dll
0x00007ffff6be0000 - 0x00007ffff6bea000 	C:\Program Files\Java\jre-9.0.4\bin\jimage.dll
0x00007ffff1710000 - 0x00007ffff18d8000 	C:\WINDOWS\SYSTEM32\dbghelp.dll

VM Arguments:
jvm_args: -Xmx512M 
java_command: SpareLogin
java_class_path (initial): .
Launcher Type: SUN_STANDARD

Logging:
Log output configuration:
#0: stdout all=warning uptime,level,tags
#1: stderr all=off uptime,level,tags

Environment Variables:
JAVA_HOME=C:\Program Files\Java\jdk-9.0.4
JRE_HOME=C:\Program Files\Java\jre-9.0.4
_JAVA_OPTIONS=-Xmx512M
PATH=C:\Program Files\Java\jdk-9.0.4;C:\ProgramData\Oracle\Java\javapath;C:\Program Files (x86)\Intel\iCLS Client\;C:\Program Files\Intel\iCLS Client\;C:\Windows\system32;C:\Windows;C:\Windows\System32\Wbem;C:\Windows\System32\WindowsPowerShell\v1.0\;C:\Program Files (x86)\Intel\Intel(R) Management Engine Components\DAL;C:\Program Files\Intel\Intel(R) Management Engine Components\DAL;C:\Program Files (x86)\Intel\Intel(R) Management Engine Components\IPT;C:\Program Files\Intel\Intel(R) Management Engine Components\IPT;C:\Program Files (x86)\NVIDIA Corporation\PhysX\Common;C:\WINDOWS\system32;C:\WINDOWS;C:\WINDOWS\System32\Wbem;C:\WINDOWS\System32\WindowsPowerShell\v1.0\;C:\Program Files (x86)\GtkSharp\2.12\bin;C:\Program Files\Java\jdk-9.0.4\jre\bin;C:\Program Files\Java\jre-9.0.4\bin;C:\Program Files\Java\jdk-9.0.4;C:\Users\devan\AppData\Local\Microsoft\WindowsApps;C:\Program Files\Java\jdk-9.0.4\bin;
USERNAME=devan
OS=Windows_NT
PROCESSOR_IDENTIFIER=Intel64 Family 6 Model 158 Stepping 9, GenuineIntel



---------------  S Y S T E M  ---------------

OS: Windows 10 , 64 bit Build 16299 (10.0.16299.15)

CPU:total 8 (initial active 8) 

Memory: 4k page, physical 8269412k(5863196k free), swap 9580132k(7119092k free)

vm_info: Java HotSpot(TM) 64-Bit Server VM (9.0.4+11) for windows-amd64 JRE (9.0.4+11), built on Dec 20 2017 02:18:54 by "mach5one" with MS VC++ 12.0 (VS2013)

END.
